***  Installation Started 09/11/2019 12:14  ***
Title: Bank Data Ñonverter Installation
Source: C:\Users\r.moskalenko.CONTO\Desktop\bdconverter.exe
Made Dir: C:\Users\r.moskalenko.CONTO\Desktop\BDConverter
File Copy: C:\Users\r.moskalenko.CONTO\Desktop\BDConverter\UNWISE.EXE
RegDB Key: Software\Microsoft\Windows\CurrentVersion\Uninstall\Bank Data Ñonverter
RegDB Val: Bank Data Ñonverter
RegDB Name: DisplayName
RegDB Root: 2
RegDB Old: Bank Data Ñonverter
RegDB Key: Software\Microsoft\Windows\CurrentVersion\Uninstall\Bank Data Ñonverter
RegDB Val: C:\Users\RMOSKA~1.CON\Desktop\BDCONV~1\UNWISE.EXE C:\Users\RMOSKA~1.CON\Desktop\BDCONV~1\INSTALL.LOG
RegDB Name: UninstallString
RegDB Root: 2
RegDB Old: C:\2AD1B~1\BDCONV~1\UNWISE.EXE C:\2AD1B~1\BDCONV~1\INSTALL.LOG
File Copy: C:\Users\r.moskalenko.CONTO\Desktop\BDConverter\BDÑonverter21.epf
File Copy: C:\Users\r.moskalenko.CONTO\Desktop\BDConverter\BDñonverter.epf
File Copy: C:\Users\r.moskalenko.CONTO\Desktop\BDConverter\Abbrs.ini
File Copy: C:\Users\r.moskalenko.CONTO\Desktop\BDConverter\AllBanks.ini
File Copy: C:\Users\r.moskalenko.CONTO\Desktop\BDConverter\AllFormats.ini
File Copy: C:\Users\r.moskalenko.CONTO\Desktop\BDConverter\history.txt
File Copy: C:\Users\r.moskalenko.CONTO\Desktop\BDConverter\Release.txt
File Copy: C:\Users\r.moskalenko.CONTO\Desktop\BDConverter\Manual_ru.pdf
